[2024-11-12T00:08:26.085+0000] {manager.py:487} INFO - Processing files using up to 2 processes at a time 
[2024-11-12T00:08:26.086+0000] {manager.py:488} INFO - Process each file at most once every 30 seconds
[2024-11-12T00:08:26.088+0000] {manager.py:490} INFO - Checking for new files in /opt/airflow/dags every 300 seconds
[2024-11-12T00:08:26.090+0000] {manager.py:758} INFO - Searching for files in /opt/airflow/dags
[2024-11-12T00:08:26.093+0000] {manager.py:761} INFO - There are 0 files in /opt/airflow/dags
[2024-11-12T00:13:26.270+0000] {manager.py:758} INFO - Searching for files in /opt/airflow/dags
[2024-11-12T00:13:26.273+0000] {manager.py:761} INFO - There are 0 files in /opt/airflow/dags
[2024-11-12T00:18:26.417+0000] {manager.py:758} INFO - Searching for files in /opt/airflow/dags
[2024-11-12T00:18:26.419+0000] {manager.py:761} INFO - There are 0 files in /opt/airflow/dags
[2024-11-12T01:10:37.588+0000] {manager.py:758} INFO - Searching for files in /opt/airflow/dags
[2024-11-12T01:10:37.592+0000] {manager.py:761} INFO - There are 0 files in /opt/airflow/dags
[2024-11-12T01:36:35.479+0000] {manager.py:758} INFO - Searching for files in /opt/airflow/dags
[2024-11-12T01:36:35.483+0000] {manager.py:761} INFO - There are 0 files in /opt/airflow/dags
[2024-11-12T02:07:31.164+0000] {manager.py:758} INFO - Searching for files in /opt/airflow/dags
[2024-11-12T02:07:31.169+0000] {manager.py:761} INFO - There are 0 files in /opt/airflow/dags
[2024-11-12T02:12:31.410+0000] {manager.py:758} INFO - Searching for files in /opt/airflow/dags
[2024-11-12T02:12:31.420+0000] {manager.py:761} INFO - There are 0 files in /opt/airflow/dags
[2024-11-12T02:17:31.723+0000] {manager.py:758} INFO - Searching for files in /opt/airflow/dags
[2024-11-12T02:17:31.731+0000] {manager.py:761} INFO - There are 0 files in /opt/airflow/dags
[2024-11-12T02:29:23.904+0000] {manager.py:758} INFO - Searching for files in /opt/airflow/dags
[2024-11-12T02:29:23.912+0000] {manager.py:761} INFO - There are 0 files in /opt/airflow/dags
[2024-11-12T02:34:24.577+0000] {manager.py:758} INFO - Searching for files in /opt/airflow/dags
[2024-11-12T02:34:24.585+0000] {manager.py:761} INFO - There are 0 files in /opt/airflow/dags
[2024-11-12T02:39:25.117+0000] {manager.py:758} INFO - Searching for files in /opt/airflow/dags
[2024-11-12T02:39:25.121+0000] {manager.py:761} INFO - There are 0 files in /opt/airflow/dags
[2024-11-12T02:46:24.796+0000] {manager.py:758} INFO - Searching for files in /opt/airflow/dags
[2024-11-12T02:46:24.797+0000] {manager.py:761} INFO - There are 0 files in /opt/airflow/dags
[2024-11-12T02:52:32.074+0000] {manager.py:758} INFO - Searching for files in /opt/airflow/dags
[2024-11-12T02:52:32.076+0000] {manager.py:761} INFO - There are 0 files in /opt/airflow/dags
[2024-11-12T02:58:57.261+0000] {manager.py:758} INFO - Searching for files in /opt/airflow/dags
[2024-11-12T02:58:57.263+0000] {manager.py:761} INFO - There are 0 files in /opt/airflow/dags
[2024-11-12T03:12:24.514+0000] {manager.py:758} INFO - Searching for files in /opt/airflow/dags
[2024-11-12T03:12:24.517+0000] {manager.py:761} INFO - There are 0 files in /opt/airflow/dags
[2024-11-12T03:19:18.317+0000] {manager.py:758} INFO - Searching for files in /opt/airflow/dags
[2024-11-12T03:19:18.318+0000] {manager.py:761} INFO - There are 0 files in /opt/airflow/dags
[2024-11-12T03:43:14.102+0000] {manager.py:758} INFO - Searching for files in /opt/airflow/dags
[2024-11-12T03:43:14.128+0000] {manager.py:761} INFO - There are 0 files in /opt/airflow/dags
[2024-11-12T03:58:51.722+0000] {manager.py:758} INFO - Searching for files in /opt/airflow/dags
[2024-11-12T03:58:51.728+0000] {manager.py:761} INFO - There are 0 files in /opt/airflow/dags
[2024-11-12T04:30:05.345+0000] {manager.py:758} INFO - Searching for files in /opt/airflow/dags
[2024-11-12T04:30:05.347+0000] {manager.py:761} INFO - There are 0 files in /opt/airflow/dags
[2024-11-12T04:35:30.396+0000] {manager.py:758} INFO - Searching for files in /opt/airflow/dags
[2024-11-12T04:35:30.398+0000] {manager.py:761} INFO - There are 0 files in /opt/airflow/dags
[2024-11-12T04:46:44.645+0000] {manager.py:758} INFO - Searching for files in /opt/airflow/dags
[2024-11-12T04:46:44.647+0000] {manager.py:761} INFO - There are 0 files in /opt/airflow/dags
[2024-11-12T04:54:10.312+0000] {manager.py:758} INFO - Searching for files in /opt/airflow/dags
[2024-11-12T04:54:10.315+0000] {manager.py:761} INFO - There are 0 files in /opt/airflow/dags
[2024-11-12T05:06:03.567+0000] {manager.py:758} INFO - Searching for files in /opt/airflow/dags
[2024-11-12T05:06:03.569+0000] {manager.py:761} INFO - There are 0 files in /opt/airflow/dags
[2024-11-12T05:25:52.207+0000] {manager.py:758} INFO - Searching for files in /opt/airflow/dags
[2024-11-12T05:25:52.221+0000] {manager.py:761} INFO - There are 0 files in /opt/airflow/dags
[2024-11-12T05:55:15.887+0000] {manager.py:758} INFO - Searching for files in /opt/airflow/dags
[2024-11-12T05:55:15.888+0000] {manager.py:761} INFO - There are 0 files in /opt/airflow/dags
[2024-11-12T07:28:15.891+0000] {manager.py:758} INFO - Searching for files in /opt/airflow/dags
[2024-11-12T07:28:15.893+0000] {manager.py:761} INFO - There are 0 files in /opt/airflow/dags
[2024-11-12T08:14:08.873+0000] {manager.py:758} INFO - Searching for files in /opt/airflow/dags
[2024-11-12T08:14:08.913+0000] {manager.py:761} INFO - There are 0 files in /opt/airflow/dags
[2024-11-12T09:33:58.387+0000] {manager.py:758} INFO - Searching for files in /opt/airflow/dags
[2024-11-12T09:33:58.391+0000] {manager.py:761} INFO - There are 0 files in /opt/airflow/dags
[2024-11-12T10:56:14.305+0000] {manager.py:758} INFO - Searching for files in /opt/airflow/dags
[2024-11-12T10:56:14.309+0000] {manager.py:761} INFO - There are 0 files in /opt/airflow/dags
[2024-11-12T12:01:01.116+0000] {manager.py:758} INFO - Searching for files in /opt/airflow/dags
[2024-11-12T12:01:01.122+0000] {manager.py:761} INFO - There are 0 files in /opt/airflow/dags
[2024-11-12T12:45:53.060+0000] {manager.py:758} INFO - Searching for files in /opt/airflow/dags
[2024-11-12T12:45:53.062+0000] {manager.py:761} INFO - There are 0 files in /opt/airflow/dags
[2024-11-12T14:02:07.207+0000] {manager.py:758} INFO - Searching for files in /opt/airflow/dags
[2024-11-12T14:02:07.215+0000] {manager.py:761} INFO - There are 0 files in /opt/airflow/dags
[2024-11-12T15:19:30.787+0000] {manager.py:758} INFO - Searching for files in /opt/airflow/dags
[2024-11-12T15:19:30.790+0000] {manager.py:761} INFO - There are 0 files in /opt/airflow/dags
[2024-11-12T15:26:34.953+0000] {manager.py:758} INFO - Searching for files in /opt/airflow/dags
[2024-11-12T15:26:34.955+0000] {manager.py:761} INFO - There are 0 files in /opt/airflow/dags
[2024-11-12T15:33:06.344+0000] {manager.py:758} INFO - Searching for files in /opt/airflow/dags
[2024-11-12T15:33:06.348+0000] {manager.py:761} INFO - There are 0 files in /opt/airflow/dags
[2024-11-12T15:45:24.224+0000] {manager.py:758} INFO - Searching for files in /opt/airflow/dags
[2024-11-12T15:45:24.228+0000] {manager.py:761} INFO - There are 0 files in /opt/airflow/dags
[2024-11-12T15:50:31.339+0000] {manager.py:758} INFO - Searching for files in /opt/airflow/dags
[2024-11-12T15:50:31.341+0000] {manager.py:761} INFO - There are 0 files in /opt/airflow/dags
[2024-11-12T15:55:31.390+0000] {manager.py:758} INFO - Searching for files in /opt/airflow/dags
[2024-11-12T15:55:31.396+0000] {manager.py:761} INFO - There are 0 files in /opt/airflow/dags
[2024-11-12T16:04:02.944+0000] {manager.py:758} INFO - Searching for files in /opt/airflow/dags
[2024-11-12T16:04:02.957+0000] {manager.py:761} INFO - There are 0 files in /opt/airflow/dags
[2024-11-12T16:13:08.234+0000] {manager.py:758} INFO - Searching for files in /opt/airflow/dags
[2024-11-12T16:13:08.236+0000] {manager.py:761} INFO - There are 0 files in /opt/airflow/dags
[2024-11-12T16:21:00.481+0000] {manager.py:758} INFO - Searching for files in /opt/airflow/dags
[2024-11-12T16:21:00.482+0000] {manager.py:761} INFO - There are 0 files in /opt/airflow/dags
[2024-11-12T16:42:19.457+0000] {manager.py:758} INFO - Searching for files in /opt/airflow/dags
[2024-11-12T16:42:19.462+0000] {manager.py:761} INFO - There are 0 files in /opt/airflow/dags
[2024-11-12T16:48:46.080+0000] {manager.py:758} INFO - Searching for files in /opt/airflow/dags
[2024-11-12T16:48:46.084+0000] {manager.py:761} INFO - There are 0 files in /opt/airflow/dags
[2024-11-12T16:55:07.387+0000] {manager.py:758} INFO - Searching for files in /opt/airflow/dags
[2024-11-12T16:55:07.391+0000] {manager.py:761} INFO - There are 0 files in /opt/airflow/dags
[2024-11-12T17:06:07.411+0000] {manager.py:758} INFO - Searching for files in /opt/airflow/dags
[2024-11-12T17:06:07.412+0000] {manager.py:761} INFO - There are 0 files in /opt/airflow/dags
[2024-11-12T17:11:09.487+0000] {manager.py:758} INFO - Searching for files in /opt/airflow/dags
[2024-11-12T17:11:09.489+0000] {manager.py:761} INFO - There are 0 files in /opt/airflow/dags
[2024-11-12T17:29:50.468+0000] {manager.py:758} INFO - Searching for files in /opt/airflow/dags
[2024-11-12T17:29:50.471+0000] {manager.py:761} INFO - There are 0 files in /opt/airflow/dags
[2024-11-12T17:44:01.176+0000] {manager.py:758} INFO - Searching for files in /opt/airflow/dags
[2024-11-12T17:44:01.179+0000] {manager.py:761} INFO - There are 0 files in /opt/airflow/dags
[2024-11-12T18:07:33.283+0000] {manager.py:758} INFO - Searching for files in /opt/airflow/dags
[2024-11-12T18:07:33.287+0000] {manager.py:761} INFO - There are 0 files in /opt/airflow/dags
[2024-11-12T18:16:54.972+0000] {manager.py:758} INFO - Searching for files in /opt/airflow/dags
[2024-11-12T18:16:54.977+0000] {manager.py:761} INFO - There are 0 files in /opt/airflow/dags
[2024-11-12T18:33:24.618+0000] {manager.py:758} INFO - Searching for files in /opt/airflow/dags
[2024-11-12T18:33:24.627+0000] {manager.py:761} INFO - There are 0 files in /opt/airflow/dags
[2024-11-12T18:44:53.033+0000] {manager.py:758} INFO - Searching for files in /opt/airflow/dags
[2024-11-12T18:44:53.038+0000] {manager.py:761} INFO - There are 0 files in /opt/airflow/dags
[2024-11-12T18:54:43.072+0000] {manager.py:758} INFO - Searching for files in /opt/airflow/dags
[2024-11-12T18:54:43.075+0000] {manager.py:761} INFO - There are 0 files in /opt/airflow/dags
[2024-11-12T19:07:02.840+0000] {manager.py:758} INFO - Searching for files in /opt/airflow/dags
[2024-11-12T19:07:02.845+0000] {manager.py:761} INFO - There are 0 files in /opt/airflow/dags
[2024-11-12T19:17:20.339+0000] {manager.py:758} INFO - Searching for files in /opt/airflow/dags
[2024-11-12T19:17:20.342+0000] {manager.py:761} INFO - There are 0 files in /opt/airflow/dags
[2024-11-12T19:29:15.253+0000] {manager.py:758} INFO - Searching for files in /opt/airflow/dags
[2024-11-12T19:29:15.258+0000] {manager.py:761} INFO - There are 0 files in /opt/airflow/dags
[2024-11-12T19:35:01.699+0000] {manager.py:758} INFO - Searching for files in /opt/airflow/dags
[2024-11-12T19:35:01.706+0000] {manager.py:761} INFO - There are 0 files in /opt/airflow/dags
[2024-11-12T19:44:40.039+0000] {manager.py:758} INFO - Searching for files in /opt/airflow/dags
[2024-11-12T19:44:40.041+0000] {manager.py:761} INFO - There are 0 files in /opt/airflow/dags
[2024-11-12T19:50:36.276+0000] {manager.py:758} INFO - Searching for files in /opt/airflow/dags
[2024-11-12T19:50:36.280+0000] {manager.py:761} INFO - There are 0 files in /opt/airflow/dags
[2024-11-12T19:58:12.964+0000] {manager.py:758} INFO - Searching for files in /opt/airflow/dags
[2024-11-12T19:58:12.967+0000] {manager.py:761} INFO - There are 0 files in /opt/airflow/dags
[2024-11-12T20:08:03.651+0000] {manager.py:758} INFO - Searching for files in /opt/airflow/dags
[2024-11-12T20:08:03.655+0000] {manager.py:761} INFO - There are 0 files in /opt/airflow/dags
[2024-11-12T20:17:53.098+0000] {manager.py:758} INFO - Searching for files in /opt/airflow/dags
[2024-11-12T20:17:53.105+0000] {manager.py:761} INFO - There are 0 files in /opt/airflow/dags
[2024-11-12T20:27:54.825+0000] {manager.py:758} INFO - Searching for files in /opt/airflow/dags
[2024-11-12T20:27:54.830+0000] {manager.py:761} INFO - There are 0 files in /opt/airflow/dags
[2024-11-12T20:34:32.286+0000] {manager.py:758} INFO - Searching for files in /opt/airflow/dags
[2024-11-12T20:34:32.290+0000] {manager.py:761} INFO - There are 0 files in /opt/airflow/dags
[2024-11-12T20:48:09.348+0000] {manager.py:758} INFO - Searching for files in /opt/airflow/dags
[2024-11-12T20:48:09.351+0000] {manager.py:761} INFO - There are 0 files in /opt/airflow/dags
[2024-11-12T21:01:13.011+0000] {manager.py:758} INFO - Searching for files in /opt/airflow/dags
[2024-11-12T21:01:13.013+0000] {manager.py:761} INFO - There are 0 files in /opt/airflow/dags
[2024-11-12T21:08:01.140+0000] {manager.py:758} INFO - Searching for files in /opt/airflow/dags
[2024-11-12T21:08:01.145+0000] {manager.py:761} INFO - There are 0 files in /opt/airflow/dags
[2024-11-12T21:14:41.145+0000] {manager.py:758} INFO - Searching for files in /opt/airflow/dags
[2024-11-12T21:14:41.147+0000] {manager.py:761} INFO - There are 0 files in /opt/airflow/dags
[2024-11-12T21:23:14.278+0000] {manager.py:758} INFO - Searching for files in /opt/airflow/dags
[2024-11-12T21:23:14.281+0000] {manager.py:761} INFO - There are 0 files in /opt/airflow/dags
[2024-11-12T21:36:29.419+0000] {manager.py:758} INFO - Searching for files in /opt/airflow/dags
[2024-11-12T21:36:29.423+0000] {manager.py:761} INFO - There are 0 files in /opt/airflow/dags
[2024-11-12T21:48:23.925+0000] {manager.py:758} INFO - Searching for files in /opt/airflow/dags
[2024-11-12T21:48:23.931+0000] {manager.py:761} INFO - There are 0 files in /opt/airflow/dags
[2024-11-12T21:53:24.393+0000] {manager.py:758} INFO - Searching for files in /opt/airflow/dags
[2024-11-12T21:53:24.400+0000] {manager.py:761} INFO - There are 0 files in /opt/airflow/dags
[2024-11-12T22:24:32.756+0000] {manager.py:758} INFO - Searching for files in /opt/airflow/dags
[2024-11-12T22:24:32.757+0000] {manager.py:761} INFO - There are 0 files in /opt/airflow/dags
[2024-11-12T22:44:35.268+0000] {manager.py:758} INFO - Searching for files in /opt/airflow/dags
[2024-11-12T22:44:35.274+0000] {manager.py:761} INFO - There are 0 files in /opt/airflow/dags
[2024-11-12T23:27:09.996+0000] {manager.py:758} INFO - Searching for files in /opt/airflow/dags
[2024-11-12T23:27:09.999+0000] {manager.py:761} INFO - There are 0 files in /opt/airflow/dags
[2024-11-13T00:01:12.257+0000] {manager.py:758} INFO - Searching for files in /opt/airflow/dags
[2024-11-13T00:01:12.262+0000] {manager.py:761} INFO - There are 0 files in /opt/airflow/dags
[2024-11-13T00:08:23.822+0000] {manager.py:758} INFO - Searching for files in /opt/airflow/dags
[2024-11-13T00:08:23.824+0000] {manager.py:761} INFO - There are 0 files in /opt/airflow/dags
[2024-11-13T00:17:21.491+0000] {manager.py:758} INFO - Searching for files in /opt/airflow/dags
[2024-11-13T00:17:21.495+0000] {manager.py:761} INFO - There are 0 files in /opt/airflow/dags
[2024-11-13T00:37:55.931+0000] {manager.py:758} INFO - Searching for files in /opt/airflow/dags
[2024-11-13T00:37:55.938+0000] {manager.py:761} INFO - There are 0 files in /opt/airflow/dags
[2024-11-13T00:57:55.531+0000] {manager.py:758} INFO - Searching for files in /opt/airflow/dags
[2024-11-13T00:57:55.535+0000] {manager.py:761} INFO - There are 0 files in /opt/airflow/dags
[2024-11-13T01:11:02.146+0000] {manager.py:758} INFO - Searching for files in /opt/airflow/dags
[2024-11-13T01:11:02.151+0000] {manager.py:761} INFO - There are 0 files in /opt/airflow/dags
[2024-11-13T01:48:54.741+0000] {manager.py:758} INFO - Searching for files in /opt/airflow/dags
[2024-11-13T01:48:54.744+0000] {manager.py:761} INFO - There are 0 files in /opt/airflow/dags
[2024-11-13T01:54:19.366+0000] {manager.py:758} INFO - Searching for files in /opt/airflow/dags
[2024-11-13T01:54:19.369+0000] {manager.py:761} INFO - There are 0 files in /opt/airflow/dags
[2024-11-13T02:15:32.928+0000] {manager.py:758} INFO - Searching for files in /opt/airflow/dags
[2024-11-13T02:15:32.933+0000] {manager.py:761} INFO - There are 0 files in /opt/airflow/dags
[2024-11-13T02:22:52.629+0000] {manager.py:758} INFO - Searching for files in /opt/airflow/dags
[2024-11-13T02:22:52.631+0000] {manager.py:761} INFO - There are 0 files in /opt/airflow/dags
[2024-11-13T02:40:51.319+0000] {manager.py:758} INFO - Searching for files in /opt/airflow/dags
[2024-11-13T02:40:51.325+0000] {manager.py:761} INFO - There are 0 files in /opt/airflow/dags
[2024-11-13T02:48:07.415+0000] {manager.py:758} INFO - Searching for files in /opt/airflow/dags
[2024-11-13T02:48:07.417+0000] {manager.py:761} INFO - There are 0 files in /opt/airflow/dags
[2024-11-13T02:58:41.700+0000] {manager.py:758} INFO - Searching for files in /opt/airflow/dags
[2024-11-13T02:58:41.709+0000] {manager.py:761} INFO - There are 0 files in /opt/airflow/dags
[2024-11-13T03:05:37.667+0000] {manager.py:758} INFO - Searching for files in /opt/airflow/dags
[2024-11-13T03:05:37.679+0000] {manager.py:761} INFO - There are 0 files in /opt/airflow/dags
[2024-11-13T03:47:28.755+0000] {manager.py:758} INFO - Searching for files in /opt/airflow/dags
[2024-11-13T03:47:28.758+0000] {manager.py:761} INFO - There are 0 files in /opt/airflow/dags
[2024-11-13T03:55:39.987+0000] {manager.py:758} INFO - Searching for files in /opt/airflow/dags
[2024-11-13T03:55:39.992+0000] {manager.py:761} INFO - There are 0 files in /opt/airflow/dags
[2024-11-13T04:25:45.482+0000] {manager.py:758} INFO - Searching for files in /opt/airflow/dags
[2024-11-13T04:25:45.486+0000] {manager.py:761} INFO - There are 0 files in /opt/airflow/dags
[2024-11-13T04:44:45.593+0000] {manager.py:758} INFO - Searching for files in /opt/airflow/dags
[2024-11-13T04:44:45.596+0000] {manager.py:761} INFO - There are 0 files in /opt/airflow/dags
[2024-11-13T04:49:50.718+0000] {manager.py:758} INFO - Searching for files in /opt/airflow/dags
[2024-11-13T04:49:50.725+0000] {manager.py:761} INFO - There are 0 files in /opt/airflow/dags
[2024-11-13T04:54:51.214+0000] {manager.py:758} INFO - Searching for files in /opt/airflow/dags
[2024-11-13T04:54:51.220+0000] {manager.py:761} INFO - There are 0 files in /opt/airflow/dags
[2024-11-13T05:13:42.757+0000] {manager.py:758} INFO - Searching for files in /opt/airflow/dags
[2024-11-13T05:13:42.762+0000] {manager.py:761} INFO - There are 0 files in /opt/airflow/dags
[2024-11-13T05:44:46.644+0000] {manager.py:758} INFO - Searching for files in /opt/airflow/dags
[2024-11-13T05:44:46.646+0000] {manager.py:761} INFO - There are 0 files in /opt/airflow/dags
[2024-11-13T06:08:05.400+0000] {manager.py:758} INFO - Searching for files in /opt/airflow/dags
[2024-11-13T06:08:05.405+0000] {manager.py:761} INFO - There are 0 files in /opt/airflow/dags
[2024-11-13T06:26:06.750+0000] {manager.py:758} INFO - Searching for files in /opt/airflow/dags
[2024-11-13T06:26:06.752+0000] {manager.py:761} INFO - There are 0 files in /opt/airflow/dags
[2024-11-13T07:30:05.150+0000] {manager.py:758} INFO - Searching for files in /opt/airflow/dags
[2024-11-13T07:30:05.156+0000] {manager.py:761} INFO - There are 0 files in /opt/airflow/dags
[2024-11-13T08:51:18.188+0000] {manager.py:758} INFO - Searching for files in /opt/airflow/dags
[2024-11-13T08:51:18.191+0000] {manager.py:761} INFO - There are 0 files in /opt/airflow/dags
[2024-11-13T09:20:51.910+0000] {manager.py:758} INFO - Searching for files in /opt/airflow/dags
[2024-11-13T09:20:51.913+0000] {manager.py:761} INFO - There are 0 files in /opt/airflow/dags
[2024-11-13T10:00:13.569+0000] {manager.py:758} INFO - Searching for files in /opt/airflow/dags
[2024-11-13T10:00:13.573+0000] {manager.py:761} INFO - There are 0 files in /opt/airflow/dags
[2024-11-13T10:39:05.500+0000] {manager.py:758} INFO - Searching for files in /opt/airflow/dags
[2024-11-13T10:39:05.508+0000] {manager.py:761} INFO - There are 0 files in /opt/airflow/dags
[2024-11-13T11:26:22.332+0000] {manager.py:758} INFO - Searching for files in /opt/airflow/dags
[2024-11-13T11:26:22.336+0000] {manager.py:761} INFO - There are 0 files in /opt/airflow/dags
[2024-11-13T12:34:37.051+0000] {manager.py:758} INFO - Searching for files in /opt/airflow/dags
[2024-11-13T12:34:37.055+0000] {manager.py:761} INFO - There are 0 files in /opt/airflow/dags
[2024-11-13T12:44:01.007+0000] {manager.py:758} INFO - Searching for files in /opt/airflow/dags
[2024-11-13T12:44:01.011+0000] {manager.py:761} INFO - There are 0 files in /opt/airflow/dags
[2024-11-13T13:21:24.065+0000] {manager.py:758} INFO - Searching for files in /opt/airflow/dags
[2024-11-13T13:21:24.067+0000] {manager.py:761} INFO - There are 0 files in /opt/airflow/dags
[2024-11-13T13:46:55.519+0000] {manager.py:758} INFO - Searching for files in /opt/airflow/dags
[2024-11-13T13:46:55.524+0000] {manager.py:761} INFO - There are 0 files in /opt/airflow/dags
[2024-11-13T14:13:26.194+0000] {manager.py:758} INFO - Searching for files in /opt/airflow/dags
[2024-11-13T14:13:26.196+0000] {manager.py:761} INFO - There are 0 files in /opt/airflow/dags
[2024-11-13T15:18:40.370+0000] {manager.py:758} INFO - Searching for files in /opt/airflow/dags
[2024-11-13T15:18:40.374+0000] {manager.py:761} INFO - There are 0 files in /opt/airflow/dags
[2024-11-13T16:18:03.144+0000] {manager.py:758} INFO - Searching for files in /opt/airflow/dags
[2024-11-13T16:18:03.148+0000] {manager.py:761} INFO - There are 0 files in /opt/airflow/dags
[2024-11-13T16:32:53.655+0000] {manager.py:758} INFO - Searching for files in /opt/airflow/dags
[2024-11-13T16:32:53.661+0000] {manager.py:761} INFO - There are 0 files in /opt/airflow/dags
[2024-11-13T16:38:25.625+0000] {manager.py:758} INFO - Searching for files in /opt/airflow/dags
[2024-11-13T16:38:25.629+0000] {manager.py:761} INFO - There are 0 files in /opt/airflow/dags
[2024-11-13T17:18:54.751+0000] {manager.py:758} INFO - Searching for files in /opt/airflow/dags
[2024-11-13T17:18:54.755+0000] {manager.py:761} INFO - There are 0 files in /opt/airflow/dags
[2024-11-13T17:47:50.732+0000] {manager.py:758} INFO - Searching for files in /opt/airflow/dags
[2024-11-13T17:47:50.739+0000] {manager.py:761} INFO - There are 0 files in /opt/airflow/dags
[2024-11-13T18:35:23.988+0000] {manager.py:758} INFO - Searching for files in /opt/airflow/dags
[2024-11-13T18:35:23.991+0000] {manager.py:761} INFO - There are 0 files in /opt/airflow/dags
[2024-11-13T19:21:27.335+0000] {manager.py:758} INFO - Searching for files in /opt/airflow/dags
[2024-11-13T19:21:27.338+0000] {manager.py:761} INFO - There are 0 files in /opt/airflow/dags
[2024-11-13T19:38:04.920+0000] {manager.py:758} INFO - Searching for files in /opt/airflow/dags
[2024-11-13T19:38:04.922+0000] {manager.py:761} INFO - There are 0 files in /opt/airflow/dags
[2024-11-13T20:21:20.011+0000] {manager.py:758} INFO - Searching for files in /opt/airflow/dags
[2024-11-13T20:21:20.015+0000] {manager.py:761} INFO - There are 0 files in /opt/airflow/dags
[2024-11-13T21:39:15.779+0000] {manager.py:758} INFO - Searching for files in /opt/airflow/dags
[2024-11-13T21:39:15.781+0000] {manager.py:761} INFO - There are 0 files in /opt/airflow/dags
[2024-11-13T21:52:24.969+0000] {manager.py:758} INFO - Searching for files in /opt/airflow/dags
[2024-11-13T21:52:24.974+0000] {manager.py:761} INFO - There are 0 files in /opt/airflow/dags
[2024-11-13T22:27:29.606+0000] {manager.py:758} INFO - Searching for files in /opt/airflow/dags
[2024-11-13T22:27:29.617+0000] {manager.py:761} INFO - There are 0 files in /opt/airflow/dags
[2024-11-13T23:37:04.403+0000] {manager.py:758} INFO - Searching for files in /opt/airflow/dags
[2024-11-13T23:37:04.407+0000] {manager.py:761} INFO - There are 0 files in /opt/airflow/dags
[2024-11-13T23:57:29.786+0000] {manager.py:758} INFO - Searching for files in /opt/airflow/dags
[2024-11-13T23:57:29.789+0000] {manager.py:761} INFO - There are 0 files in /opt/airflow/dags
[2024-11-14T00:35:56.975+0000] {manager.py:758} INFO - Searching for files in /opt/airflow/dags
[2024-11-14T00:35:56.976+0000] {manager.py:761} INFO - There are 0 files in /opt/airflow/dags
[2024-11-14T01:14:10.758+0000] {manager.py:758} INFO - Searching for files in /opt/airflow/dags
[2024-11-14T01:14:10.761+0000] {manager.py:761} INFO - There are 0 files in /opt/airflow/dags
[2024-11-14T01:24:53.877+0000] {manager.py:758} INFO - Searching for files in /opt/airflow/dags
[2024-11-14T01:24:53.882+0000] {manager.py:761} INFO - There are 0 files in /opt/airflow/dags
[2024-11-14T01:33:33.092+0000] {manager.py:758} INFO - Searching for files in /opt/airflow/dags
[2024-11-14T01:33:33.095+0000] {manager.py:761} INFO - There are 0 files in /opt/airflow/dags
[2024-11-14T01:44:26.659+0000] {manager.py:758} INFO - Searching for files in /opt/airflow/dags
[2024-11-14T01:44:26.662+0000] {manager.py:761} INFO - There are 0 files in /opt/airflow/dags
[2024-11-14T01:50:51.807+0000] {manager.py:758} INFO - Searching for files in /opt/airflow/dags
[2024-11-14T01:50:51.813+0000] {manager.py:761} INFO - There are 0 files in /opt/airflow/dags
[2024-11-14T01:56:10.132+0000] {manager.py:758} INFO - Searching for files in /opt/airflow/dags
[2024-11-14T01:56:10.133+0000] {manager.py:761} INFO - There are 0 files in /opt/airflow/dags
[2024-11-14T02:03:48.004+0000] {manager.py:758} INFO - Searching for files in /opt/airflow/dags
[2024-11-14T02:03:48.006+0000] {manager.py:761} INFO - There are 0 files in /opt/airflow/dags
[2024-11-14T02:13:17.445+0000] {manager.py:758} INFO - Searching for files in /opt/airflow/dags
[2024-11-14T02:13:17.464+0000] {manager.py:761} INFO - There are 0 files in /opt/airflow/dags
[2024-11-14T02:21:54.938+0000] {manager.py:758} INFO - Searching for files in /opt/airflow/dags
[2024-11-14T02:21:54.939+0000] {manager.py:761} INFO - There are 0 files in /opt/airflow/dags
[2024-11-14T02:30:00.523+0000] {manager.py:758} INFO - Searching for files in /opt/airflow/dags
[2024-11-14T02:30:00.529+0000] {manager.py:761} INFO - There are 0 files in /opt/airflow/dags
[2024-11-14T02:47:01.244+0000] {manager.py:758} INFO - Searching for files in /opt/airflow/dags
[2024-11-14T02:47:01.247+0000] {manager.py:761} INFO - There are 0 files in /opt/airflow/dags
[2024-11-14T02:57:49.791+0000] {manager.py:758} INFO - Searching for files in /opt/airflow/dags
[2024-11-14T02:57:49.796+0000] {manager.py:761} INFO - There are 0 files in /opt/airflow/dags
[2024-11-14T03:11:50.034+0000] {manager.py:758} INFO - Searching for files in /opt/airflow/dags
[2024-11-14T03:11:50.036+0000] {manager.py:761} INFO - There are 0 files in /opt/airflow/dags
[2024-11-14T03:47:34.963+0000] {manager.py:758} INFO - Searching for files in /opt/airflow/dags
[2024-11-14T03:47:35.127+0000] {manager.py:761} INFO - There are 0 files in /opt/airflow/dags
[2024-11-14T03:59:16.987+0000] {manager.py:758} INFO - Searching for files in /opt/airflow/dags
[2024-11-14T03:59:16.996+0000] {manager.py:761} INFO - There are 0 files in /opt/airflow/dags
[2024-11-14T04:23:29.862+0000] {manager.py:758} INFO - Searching for files in /opt/airflow/dags
[2024-11-14T04:23:29.865+0000] {manager.py:761} INFO - There are 0 files in /opt/airflow/dags
[2024-11-14T04:33:25.310+0000] {manager.py:758} INFO - Searching for files in /opt/airflow/dags
[2024-11-14T04:33:25.312+0000] {manager.py:761} INFO - There are 0 files in /opt/airflow/dags
[2024-11-14T04:54:04.932+0000] {manager.py:758} INFO - Searching for files in /opt/airflow/dags
[2024-11-14T04:54:04.958+0000] {manager.py:761} INFO - There are 0 files in /opt/airflow/dags
[2024-11-14T05:52:43.713+0000] {manager.py:758} INFO - Searching for files in /opt/airflow/dags
[2024-11-14T05:52:43.715+0000] {manager.py:761} INFO - There are 0 files in /opt/airflow/dags
[2024-11-14T07:00:29.451+0000] {manager.py:758} INFO - Searching for files in /opt/airflow/dags
[2024-11-14T07:00:29.456+0000] {manager.py:761} INFO - There are 0 files in /opt/airflow/dags
[2024-11-14T08:37:22.855+0000] {manager.py:758} INFO - Searching for files in /opt/airflow/dags
[2024-11-14T08:37:22.858+0000] {manager.py:761} INFO - There are 0 files in /opt/airflow/dags
[2024-11-14T09:52:00.676+0000] {manager.py:758} INFO - Searching for files in /opt/airflow/dags
[2024-11-14T09:52:00.678+0000] {manager.py:761} INFO - There are 0 files in /opt/airflow/dags
[2024-11-14T11:28:10.852+0000] {manager.py:758} INFO - Searching for files in /opt/airflow/dags
[2024-11-14T11:28:10.858+0000] {manager.py:761} INFO - There are 0 files in /opt/airflow/dags
[2024-11-14T12:49:25.595+0000] {manager.py:758} INFO - Searching for files in /opt/airflow/dags
[2024-11-14T12:49:25.605+0000] {manager.py:761} INFO - There are 0 files in /opt/airflow/dags
[2024-11-14T14:06:51.721+0000] {manager.py:758} INFO - Searching for files in /opt/airflow/dags
[2024-11-14T14:06:51.724+0000] {manager.py:761} INFO - There are 0 files in /opt/airflow/dags
[2024-11-14T14:55:39.374+0000] {manager.py:758} INFO - Searching for files in /opt/airflow/dags
[2024-11-14T14:55:39.380+0000] {manager.py:761} INFO - There are 0 files in /opt/airflow/dags
[2024-11-14T15:29:39.634+0000] {manager.py:758} INFO - Searching for files in /opt/airflow/dags
[2024-11-14T15:29:39.644+0000] {manager.py:761} INFO - There are 0 files in /opt/airflow/dags
[2024-11-14T15:29:40.863+0000] {manager.py:470} INFO - Exiting gracefully upon receiving signal 15
[2024-11-14T18:31:16.436+0000] {manager.py:487} INFO - Processing files using up to 2 processes at a time 
[2024-11-14T18:31:16.504+0000] {manager.py:488} INFO - Process each file at most once every 30 seconds
[2024-11-14T18:31:16.505+0000] {manager.py:490} INFO - Checking for new files in /opt/airflow/dags every 300 seconds
[2024-11-14T18:31:16.505+0000] {manager.py:758} INFO - Searching for files in /opt/airflow/dags
[2024-11-14T18:31:16.509+0000] {manager.py:761} INFO - There are 0 files in /opt/airflow/dags
[2024-11-14T18:36:16.606+0000] {manager.py:758} INFO - Searching for files in /opt/airflow/dags
[2024-11-14T18:36:16.616+0000] {manager.py:761} INFO - There are 0 files in /opt/airflow/dags
[2024-11-14T18:41:16.814+0000] {manager.py:758} INFO - Searching for files in /opt/airflow/dags
[2024-11-14T18:41:16.827+0000] {manager.py:761} INFO - There are 0 files in /opt/airflow/dags
[2024-11-14T18:46:17.176+0000] {manager.py:758} INFO - Searching for files in /opt/airflow/dags
[2024-11-14T18:46:17.189+0000] {manager.py:761} INFO - There are 0 files in /opt/airflow/dags
[2024-11-14T18:51:17.402+0000] {manager.py:758} INFO - Searching for files in /opt/airflow/dags
[2024-11-14T18:51:17.406+0000] {manager.py:761} INFO - There are 0 files in /opt/airflow/dags
[2024-11-14T18:56:17.549+0000] {manager.py:758} INFO - Searching for files in /opt/airflow/dags
[2024-11-14T18:56:17.553+0000] {manager.py:761} INFO - There are 0 files in /opt/airflow/dags
[2024-11-14T19:01:17.817+0000] {manager.py:758} INFO - Searching for files in /opt/airflow/dags
[2024-11-14T19:01:17.831+0000] {manager.py:761} INFO - There are 0 files in /opt/airflow/dags
[2024-11-14T19:06:18.713+0000] {manager.py:758} INFO - Searching for files in /opt/airflow/dags
[2024-11-14T19:06:18.721+0000] {manager.py:761} INFO - There are 0 files in /opt/airflow/dags
[2024-11-14T19:11:18.802+0000] {manager.py:758} INFO - Searching for files in /opt/airflow/dags
[2024-11-14T19:11:18.830+0000] {manager.py:761} INFO - There are 0 files in /opt/airflow/dags
[2024-11-14T19:16:18.884+0000] {manager.py:758} INFO - Searching for files in /opt/airflow/dags
[2024-11-14T19:16:18.895+0000] {manager.py:761} INFO - There are 0 files in /opt/airflow/dags
[2024-11-14T19:21:19.760+0000] {manager.py:758} INFO - Searching for files in /opt/airflow/dags
[2024-11-14T19:21:19.821+0000] {manager.py:761} INFO - There are 0 files in /opt/airflow/dags
